Arguments: 
  /Users/apple/.nvm/versions/node/v12.15.0/bin/node /usr/local/bin/yarn add @yogendra/animal

PATH: 
  /Users/apple/.nvm/versions/node/v12.15.0/bin:/Users/apple/.sdkman/candidates/springboot/current/bin:/Users/apple/.sdkman/candidates/groovy/current/bin:/Users/apple/.sdkman/candidates/gradle/current/bin:/usr/local/bin:/usr/bin:/bin:/usr/sbin:/sbin:/usr/local/go/bin:/Library/Frameworks/Mono.framework/Versions/Current/Commands:/Users/apple/apache-maven-3.6.3/bin:/usr/local/mongodb/bin:/Users/apple/Desktop/NBIS_SOFTWARE/bin:/usr/local:usr/X11/bin:usr/include:/Users/apple/Documents/glassfish4/bin:/Users/apple/Documents/glassfish4/glassfish/bin:/Library/Java/JavaVirtualMachines/jdk1.8.0_91.jdk/Contents/Home/bin:/usr/local/lib:/Users/apple/Documents/maven/bin:/Users/apple/apache-maven-3.6.3/bin:/usr/local/mongodb/bin:/Users/apple/Desktop/NBIS_SOFTWARE/bin:/usr/local:usr/X11/bin:usr/include:/Users/apple/Documents/glassfish4/bin:/Users/apple/Documents/glassfish4/glassfish/bin:/Library/Java/JavaVirtualMachines/jdk1.8.0_91.jdk/Contents/Home/bin:/usr/local/bin:/usr/local/lib:/Users/apple/Documents/maven/bin:/Users/apple/.nexustools:/Users/apple/.nexustools

Yarn version: 
  1.5.1

Node version: 
  12.15.0

Platform: 
  darwin x64

npm manifest: 
  {
    "name": "@yogendra/human",
    "version": "1.0.0",
    "description": "",
    "main": "index.js",
    "scripts": {
      "test": "echo \"Testing done from HUMAN\" && exit 1"
    },
    "keywords": [],
    "author": "",
    "license": "ISC"
  }

yarn manifest: 
  No manifest

Lockfile: 
  No lockfile

Trace: 
  Error: https://registry.yarnpkg.com/@yogendra%2fanimal: Not found
      at Request.params.callback [as _callback] (/usr/local/lib/node_modules/yarn/lib/cli.js:65019:18)
      at Request.self.callback (/usr/local/lib/node_modules/yarn/lib/cli.js:132430:22)
      at Request.emit (events.js:223:5)
      at Request.<anonymous> (/usr/local/lib/node_modules/yarn/lib/cli.js:133413:10)
      at Request.emit (events.js:223:5)
      at IncomingMessage.<anonymous> (/usr/local/lib/node_modules/yarn/lib/cli.js:133333:12)
      at Object.onceWrapper (events.js:312:28)
      at IncomingMessage.emit (events.js:228:7)
      at endReadableNT (_stream_readable.js:1185:12)
      at processTicksAndRejections (internal/process/task_queues.js:81:21)
